{"/home/runner/workspace/client/src/lib/api-helpers.ts": {"path":"/home/runner/workspace/client/src/lib/api-helpers.ts","all":false,"statementMap":{"64":{"start":{"line":65,"column":0},"end":{"line":65,"column":54}},"66":{"start":{"line":67,"column":0},"end":{"line":67,"column":27}},"69":{"start":{"line":70,"column":0},"end":{"line":70,"column":37}},"70":{"start":{"line":71,"column":0},"end":{"line":71,"column":32}},"71":{"start":{"line":72,"column":0},"end":{"line":72,"column":3}},"74":{"start":{"line":75,"column":0},"end":{"line":75,"column":62}},"75":{"start":{"line":76,"column":0},"end":{"line":76,"column":34}},"76":{"start":{"line":77,"column":0},"end":{"line":77,"column":3}},"79":{"start":{"line":80,"column":0},"end":{"line":80,"column":32}},"80":{"start":{"line":81,"column":0},"end":{"line":81,"column":27}},"81":{"start":{"line":82,"column":0},"end":{"line":82,"column":3}},"84":{"start":{"line":85,"column":0},"end":{"line":85,"column":12}},"85":{"start":{"line":86,"column":0},"end":{"line":86,"column":2}},"95":{"start":{"line":96,"column":0},"end":{"line":96,"column":59}},"96":{"start":{"line":97,"column":0},"end":{"line":97,"column":29}},"99":{"start":{"line":100,"column":0},"end":{"line":100,"column":62}},"100":{"start":{"line":101,"column":0},"end":{"line":101,"column":30}},"101":{"start":{"line":102,"column":0},"end":{"line":102,"column":3}},"104":{"start":{"line":105,"column":0},"end":{"line":105,"column":95}},"105":{"start":{"line":106,"column":0},"end":{"line":106,"column":25}},"106":{"start":{"line":107,"column":0},"end":{"line":107,"column":3}},"108":{"start":{"line":109,"column":0},"end":{"line":109,"column":14}},"109":{"start":{"line":110,"column":0},"end":{"line":110,"column":2}},"117":{"start":{"line":118,"column":0},"end":{"line":118,"column":67}},"118":{"start":{"line":119,"column":0},"end":{"line":119,"column":30}},"119":{"start":{"line":120,"column":0},"end":{"line":120,"column":2}},"127":{"start":{"line":128,"column":0},"end":{"line":128,"column":78}},"128":{"start":{"line":129,"column":0},"end":{"line":129,"column":47}},"129":{"start":{"line":130,"column":0},"end":{"line":130,"column":2}},"137":{"start":{"line":138,"column":0},"end":{"line":138,"column":76}},"138":{"start":{"line":139,"column":0},"end":{"line":139,"column":48}},"139":{"start":{"line":140,"column":0},"end":{"line":140,"column":2}},"155":{"start":{"line":156,"column":0},"end":{"line":156,"column":91}},"160":{"start":{"line":161,"column":0},"end":{"line":161,"column":96}},"172":{"start":{"line":173,"column":0},"end":{"line":173,"column":56}},"174":{"start":{"line":175,"column":0},"end":{"line":175,"column":26}},"175":{"start":{"line":176,"column":0},"end":{"line":176,"column":65}},"176":{"start":{"line":177,"column":0},"end":{"line":177,"column":3}},"179":{"start":{"line":180,"column":0},"end":{"line":180,"column":31}},"180":{"start":{"line":181,"column":0},"end":{"line":181,"column":25}},"181":{"start":{"line":182,"column":0},"end":{"line":182,"column":3}},"184":{"start":{"line":185,"column":0},"end":{"line":185,"column":34}},"185":{"start":{"line":186,"column":0},"end":{"line":186,"column":17}},"186":{"start":{"line":187,"column":0},"end":{"line":187,"column":3}},"189":{"start":{"line":190,"column":0},"end":{"line":190,"column":60}},"190":{"start":{"line":191,"column":0},"end":{"line":191,"column":25}},"191":{"start":{"line":192,"column":0},"end":{"line":192,"column":3}},"193":{"start":{"line":194,"column":0},"end":{"line":194,"column":27}},"194":{"start":{"line":195,"column":0},"end":{"line":195,"column":2}},"202":{"start":{"line":203,"column":0},"end":{"line":203,"column":65}},"203":{"start":{"line":204,"column":0},"end":{"line":204,"column":10}},"204":{"start":{"line":205,"column":0},"end":{"line":205,"column":19}},"205":{"start":{"line":206,"column":0},"end":{"line":206,"column":34}},"206":{"start":{"line":207,"column":0},"end":{"line":207,"column":36}},"207":{"start":{"line":208,"column":0},"end":{"line":208,"column":19}},"208":{"start":{"line":209,"column":0},"end":{"line":209,"column":39}},"209":{"start":{"line":210,"column":0},"end":{"line":210,"column":4}},"210":{"start":{"line":211,"column":0},"end":{"line":211,"column":2}},"219":{"start":{"line":220,"column":0},"end":{"line":220,"column":48}},"230":{"start":{"line":231,"column":0},"end":{"line":231,"column":5}},"235":{"start":{"line":236,"column":0},"end":{"line":236,"column":50}},"242":{"start":{"line":243,"column":0},"end":{"line":243,"column":5}},"247":{"start":{"line":248,"column":0},"end":{"line":248,"column":47}},"253":{"start":{"line":254,"column":0},"end":{"line":254,"column":5}},"258":{"start":{"line":259,"column":0},"end":{"line":259,"column":52}},"266":{"start":{"line":267,"column":0},"end":{"line":267,"column":5}},"271":{"start":{"line":272,"column":0},"end":{"line":272,"column":52}},"278":{"start":{"line":279,"column":0},"end":{"line":279,"column":5}},"326":{"start":{"line":327,"column":0},"end":{"line":327,"column":59}},"328":{"start":{"line":329,"column":0},"end":{"line":329,"column":43}},"331":{"start":{"line":332,"column":0},"end":{"line":332,"column":35}},"332":{"start":{"line":333,"column":0},"end":{"line":333,"column":68}},"333":{"start":{"line":334,"column":0},"end":{"line":334,"column":3}},"336":{"start":{"line":337,"column":0},"end":{"line":337,"column":32}},"339":{"start":{"line":340,"column":0},"end":{"line":340,"column":18}},"340":{"start":{"line":341,"column":0},"end":{"line":341,"column":1}}},"s":{"64":1,"66":0,"69":0,"70":0,"71":0,"74":0,"75":0,"76":0,"79":0,"80":0,"81":0,"84":0,"85":0,"95":1,"96":0,"99":0,"100":0,"101":0,"104":0,"105":0,"106":0,"108":0,"109":0,"117":1,"118":0,"119":0,"127":1,"128":0,"129":0,"137":1,"138":0,"139":0,"155":1,"160":1,"172":1,"174":0,"175":0,"176":0,"179":0,"180":0,"181":0,"184":0,"185":0,"186":0,"189":0,"190":0,"191":0,"193":0,"194":0,"202":1,"203":0,"204":0,"205":0,"206":0,"207":0,"208":0,"209":0,"210":0,"219":1,"230":1,"235":1,"242":1,"247":1,"253":1,"258":1,"266":1,"271":1,"278":1,"326":1,"328":32,"331":32,"332":18,"333":18,"336":32,"339":7,"340":7},"branchMap":{"0":{"type":"branch","line":156,"loc":{"start":{"line":156,"column":34},"end":{"line":156,"column":91}},"locations":[{"start":{"line":156,"column":34},"end":{"line":156,"column":91}}]},"1":{"type":"branch","line":327,"loc":{"start":{"line":327,"column":7},"end":{"line":341,"column":1}},"locations":[{"start":{"line":327,"column":7},"end":{"line":341,"column":1}}]},"2":{"type":"branch","line":329,"loc":{"start":{"line":329,"column":29},"end":{"line":329,"column":43}},"locations":[{"start":{"line":329,"column":29},"end":{"line":329,"column":43}}]},"3":{"type":"branch","line":329,"loc":{"start":{"line":329,"column":36},"end":{"line":332,"column":14}},"locations":[{"start":{"line":329,"column":36},"end":{"line":332,"column":14}}]},"4":{"type":"branch","line":332,"loc":{"start":{"line":332,"column":6},"end":{"line":332,"column":23}},"locations":[{"start":{"line":332,"column":6},"end":{"line":332,"column":23}}]},"5":{"type":"branch","line":332,"loc":{"start":{"line":332,"column":34},"end":{"line":334,"column":3}},"locations":[{"start":{"line":332,"column":34},"end":{"line":334,"column":3}}]},"6":{"type":"branch","line":333,"loc":{"start":{"line":333,"column":36},"end":{"line":333,"column":54}},"locations":[{"start":{"line":333,"column":36},"end":{"line":333,"column":54}}]},"7":{"type":"branch","line":333,"loc":{"start":{"line":333,"column":47},"end":{"line":333,"column":68}},"locations":[{"start":{"line":333,"column":47},"end":{"line":333,"column":68}}]},"8":{"type":"branch","line":334,"loc":{"start":{"line":334,"column":2},"end":{"line":337,"column":29}},"locations":[{"start":{"line":334,"column":2},"end":{"line":337,"column":29}}]},"9":{"type":"branch","line":337,"loc":{"start":{"line":337,"column":22},"end":{"line":337,"column":32}},"locations":[{"start":{"line":337,"column":22},"end":{"line":337,"column":32}}]},"10":{"type":"branch","line":337,"loc":{"start":{"line":337,"column":30},"end":{"line":341,"column":1}},"locations":[{"start":{"line":337,"column":30},"end":{"line":341,"column":1}}]}},"b":{"0":[5],"1":[32],"2":[5],"3":[27],"4":[25],"5":[18],"6":[8],"7":[10],"8":[9],"9":[2],"10":[7]},"fnMap":{"0":{"name":"selectData","decl":{"start":{"line":65,"column":26},"end":{"line":86,"column":2}},"loc":{"start":{"line":65,"column":26},"end":{"line":86,"column":2}},"line":65},"1":{"name":"selectItem","decl":{"start":{"line":96,"column":26},"end":{"line":110,"column":2}},"loc":{"start":{"line":96,"column":26},"end":{"line":110,"column":2}},"line":96},"2":{"name":"selectMeta","decl":{"start":{"line":118,"column":26},"end":{"line":120,"column":2}},"loc":{"start":{"line":118,"column":26},"end":{"line":120,"column":2}},"line":118},"3":{"name":"isApiSuccess","decl":{"start":{"line":128,"column":28},"end":{"line":130,"column":2}},"loc":{"start":{"line":128,"column":28},"end":{"line":130,"column":2}},"line":128},"4":{"name":"isApiError","decl":{"start":{"line":138,"column":26},"end":{"line":140,"column":2}},"loc":{"start":{"line":138,"column":26},"end":{"line":140,"column":2}},"line":138},"5":{"name":"createListSelector","decl":{"start":{"line":156,"column":34},"end":{"line":156,"column":91}},"loc":{"start":{"line":156,"column":34},"end":{"line":156,"column":91}},"line":156},"6":{"name":"createItemSelector","decl":{"start":{"line":161,"column":34},"end":{"line":161,"column":96}},"loc":{"start":{"line":161,"column":34},"end":{"line":161,"column":96}},"line":161},"7":{"name":"getErrorMessage","decl":{"start":{"line":173,"column":31},"end":{"line":195,"column":2}},"loc":{"start":{"line":173,"column":31},"end":{"line":195,"column":2}},"line":173},"8":{"name":"formatApiError","decl":{"start":{"line":203,"column":30},"end":{"line":211,"column":2}},"loc":{"start":{"line":203,"column":30},"end":{"line":211,"column":2}},"line":203},"9":{"name":"normalizeApiResponse","decl":{"start":{"line":327,"column":7},"end":{"line":341,"column":1}},"loc":{"start":{"line":327,"column":7},"end":{"line":341,"column":1}},"line":327}},"f":{"0":0,"1":0,"2":0,"3":0,"4":0,"5":5,"6":0,"7":0,"8":0,"9":32}}
}
