TN:
SF:client/src/lib/api-helpers.ts
FN:65,selectData
FN:96,selectItem
FN:118,selectMeta
FN:128,isApiSuccess
FN:138,isApiError
FN:156,createListSelector
FN:161,createItemSelector
FN:173,getErrorMessage
FN:203,formatApiError
FN:327,normalizeApiResponse
FNF:10
FNH:2
FNDA:0,selectData
FNDA:0,selectItem
FNDA:0,selectMeta
FNDA:0,isApiSuccess
FNDA:0,isApiError
FNDA:5,createListSelector
FNDA:0,createItemSelector
FNDA:0,getErrorMessage
FNDA:0,formatApiError
FNDA:32,normalizeApiResponse
DA:65,1
DA:67,0
DA:70,0
DA:71,0
DA:72,0
DA:75,0
DA:76,0
DA:77,0
DA:80,0
DA:81,0
DA:82,0
DA:85,0
DA:86,0
DA:96,1
DA:97,0
DA:100,0
DA:101,0
DA:102,0
DA:105,0
DA:106,0
DA:107,0
DA:109,0
DA:110,0
DA:118,1
DA:119,0
DA:120,0
DA:128,1
DA:129,0
DA:130,0
DA:138,1
DA:139,0
DA:140,0
DA:156,1
DA:161,1
DA:173,1
DA:175,0
DA:176,0
DA:177,0
DA:180,0
DA:181,0
DA:182,0
DA:185,0
DA:186,0
DA:187,0
DA:190,0
DA:191,0
DA:192,0
DA:194,0
DA:195,0
DA:203,1
DA:204,0
DA:205,0
DA:206,0
DA:207,0
DA:208,0
DA:209,0
DA:210,0
DA:211,0
DA:220,1
DA:231,1
DA:236,1
DA:243,1
DA:248,1
DA:254,1
DA:259,1
DA:267,1
DA:272,1
DA:279,1
DA:327,1
DA:329,32
DA:332,32
DA:333,18
DA:334,18
DA:337,32
DA:340,7
DA:341,7
LF:76
LH:27
BRDA:156,0,0,5
BRDA:327,1,0,32
BRDA:329,2,0,5
BRDA:329,3,0,27
BRDA:332,4,0,25
BRDA:332,5,0,18
BRDA:333,6,0,8
BRDA:333,7,0,10
BRDA:334,8,0,9
BRDA:337,9,0,2
BRDA:337,10,0,7
BRF:11
BRH:11
end_of_record
